None
segment
SEG1     31203
SEG2     47849
SEG3     21598
SEG4     44425
SEG5     96998
SEG6     56985
SEG7     45613
SEG8    153583
SEG9    174779
dtype: int64
None
segment
SEG10     38210
SEG11    104536
SEG12    227181
dtype: int64
None
segment
SEG1     31612
SEG2     47524
SEG3     21662
SEG4     45176
SEG5     96423
SEG6     57146
SEG7     46333
SEG8    152705
SEG9    175214
dtype: int64
None
segment
SEG10     38771
SEG11    104024
SEG12    227645
dtype: int64
None
segment
SEG1     31612
SEG2     47524
SEG3     21662
SEG4     45176
SEG5     96423
SEG6     57146
SEG7     46333
SEG8    152705
SEG9    175214
dtype: int64
None
segment
SEG10     38771
SEG11    104024
SEG12    227645
dtype: int64
None
segment
SEG1     31612
SEG2     47524
SEG3     21662
SEG4     45176
SEG5     96423
SEG6     57146
SEG7     46333
SEG8    152705
SEG9    175214
dtype: int64
None
segment
SEG10     38771
SEG11    104024
SEG12    227645
dtype: int64
None
segment
SEG1     31612
SEG2     47524
SEG3     21662
SEG4     45176
SEG5     96423
SEG6     57146
SEG7     46333
SEG8    152705
SEG9    175214
dtype: int64
None
segment
SEG10     38771
SEG11    104024
SEG12    227645
dtype: int64
None
segment
SEG1     31612
SEG2     47524
SEG3     21662
SEG4     45176
SEG5     96423
SEG6     57146
SEG7     46333
SEG8    152705
SEG9    175214
dtype: int64
None
segment
SEG1     31612
SEG2     47524
SEG3     21662
SEG4     45176
SEG5     96423
SEG6     57146
SEG7     46333
SEG8    152705
SEG9    175214
dtype: int64
None
segment
SEG1     31612
SEG2     47524
SEG3     21662
SEG4     45176
SEG5     96423
SEG6     57146
SEG7     46333
SEG8    152705
SEG9    175214
dtype: int64
None
segment
SEG1     31612
SEG2     47524
SEG3     21662
SEG4     45176
SEG5     96423
SEG6     57146
SEG7     46333
SEG8    152705
SEG9    175214
dtype: int64
None
segment
SEG1     31612
SEG2     47524
SEG3     21662
SEG4     45176
SEG5     96423
SEG6     57146
SEG7     46333
SEG8    152705
SEG9    175214
dtype: int64
None
segment
SEG1     31612
SEG2     47524
SEG3     21662
SEG4     45176
SEG5     96423
SEG6     57146
SEG7     46333
SEG8    152705
SEG9    175214
dtype: int64
None
segment
SEG10     38771
SEG11    104024
SEG12    227645
dtype: int64
None
segment
SEG1     31612
SEG2     47524
SEG3     21662
SEG4     45176
SEG5     96423
SEG6     57146
SEG7     46333
SEG8    152705
SEG9    175214
dtype: int64
None
segment
SEG10     38771
SEG11    104024
SEG12    227645
dtype: int64
None
segment
SEG1     31612
SEG2     47524
SEG3     21662
SEG4     45176
SEG5     96423
SEG6     57146
SEG7     46333
SEG8    152705
SEG9    175214
dtype: int64
None
segment
SEG10     38771
SEG11    104024
SEG12    227645
dtype: int64
None
segment
SEG1     36371
SEG2     44179
SEG3     22322
SEG4     52968
SEG5     90272
SEG6     59020
SEG7     54040
SEG8    143065
SEG9    179809
dtype: int64
None
segment
SEG1     36371
SEG2     44179
SEG3     22322
SEG4     52968
SEG5     90272
SEG6     59020
SEG7     54040
SEG8    143065
SEG9    179809
dtype: int64
None
segment
SEG10     44463
SEG11     99329
SEG12    231920
dtype: int64
